  Shader.cpp
  main.cpp
c:\users\kalle\documents\gravity\gravity simulator\le physics\main.cpp(138): warning C4244: 'argument': conversion from 'time_t' to 'unsigned int', possible loss of data
c:\users\kalle\documents\gravity\gravity simulator\le physics\main.cpp(140): warning C4018: '<': signed/unsigned mismatch
c:\users\kalle\documents\gravity\gravity simulator\le physics\main.cpp(154): warning C4244: 'initializing': conversion from 'double' to 'GLfloat', possible loss of data
c:\users\kalle\documents\gravity\gravity simulator\le physics\main.cpp(189): warning C4244: 'initializing': conversion from 'float' to 'GLuint', possible loss of data
c:\users\kalle\documents\gravity\gravity simulator\le physics\main.cpp(191): warning C4244: 'initializing': conversion from 'float' to 'GLuint', possible loss of data
c:\users\kalle\documents\gravity\gravity simulator\le physics\main.cpp(203): warning C4244: 'argument': conversion from 'GLuint' to 'GLfloat', possible loss of data
c:\users\kalle\documents\gravity\gravity simulator\le physics\main.cpp(205): warning C4244: 'argument': conversion from 'GLuint' to 'GLfloat', possible loss of data
c:\users\kalle\documents\gravity\gravity simulator\le physics\main.cpp(233): warning C4552: '!': operator has no effect; expected operator with side-effect
c:\users\kalle\documents\gravity\gravity simulator\le physics\main.cpp(258): warning C4838: conversion from 'double' to 'GLfloat' requires a narrowing conversion
c:\users\kalle\documents\gravity\gravity simulator\le physics\main.cpp(258): warning C4244: 'initializing': conversion from 'double' to 'GLfloat', possible loss of data
c:\users\kalle\documents\gravity\gravity simulator\le physics\main.cpp(282): warning C4244: '=': conversion from 'double' to 'float', possible loss of data
c:\users\kalle\documents\gravity\gravity simulator\le physics\main.cpp(283): warning C4244: '=': conversion from 'double' to 'float', possible loss of data
c:\users\kalle\documents\gravity\gravity simulator\le physics\main.cpp(285): warning C4244: '=': conversion from 'double' to 'float', possible loss of data
c:\users\kalle\documents\gravity\gravity simulator\le physics\main.cpp(286): warning C4244: '=': conversion from 'double' to 'float', possible loss of data
c:\users\kalle\documents\gravity\gravity simulator\le physics\main.cpp(331): warning C4244: '=': conversion from 'double' to 'GLfloat', possible loss of data
c:\users\kalle\documents\gravity\gravity simulator\le physics\main.cpp(337): warning C4018: '<': signed/unsigned mismatch
c:\users\kalle\documents\gravity\gravity simulator\le physics\main.cpp(405): warning C4018: '>=': signed/unsigned mismatch
c:\users\kalle\documents\gravity\gravity simulator\le physics\main.cpp(486): warning C4244: 'argument': conversion from 'const GLuint' to 'GLfloat', possible loss of data
c:\users\kalle\documents\gravity\gravity simulator\le physics\main.cpp(500): warning C4244: '=': conversion from 'double' to 'GLfloat', possible loss of data
  Generating Code...
LINK : warning LNK4098: defaultlib 'LIBCMT' conflicts with use of other libs; use /NODEFAULTLIB:library
Shader.obj : warning LNK4049: locally defined symbol ___glewAttachShader imported
Shader.obj : warning LNK4049: locally defined symbol ___glewCompileShader imported
Shader.obj : warning LNK4049: locally defined symbol ___glewCreateProgram imported
Shader.obj : warning LNK4049: locally defined symbol ___glewCreateShader imported
Shader.obj : warning LNK4049: locally defined symbol ___glewDeleteShader imported
Shader.obj : warning LNK4049: locally defined symbol ___glewGetProgramInfoLog imported
Shader.obj : warning LNK4049: locally defined symbol ___glewGetProgramiv imported
Shader.obj : warning LNK4049: locally defined symbol ___glewGetShaderInfoLog imported
Shader.obj : warning LNK4049: locally defined symbol ___glewGetShaderiv imported
Shader.obj : warning LNK4049: locally defined symbol ___glewLinkProgram imported
Shader.obj : warning LNK4049: locally defined symbol ___glewShaderSource imported
Shader.obj : warning LNK4049: locally defined symbol ___glewUseProgram imported
glew32s.lib(glew.obj) : warning LNK4099: PDB 'vc120.pdb' was not found with 'glew32s.lib(glew.obj)' or at 'C:\Users\Kalle\Documents\Gravity\Gravity Simulator\Debug\vc120.pdb'; linking object as if no debug info
  Le Physics.vcxproj -> C:\Users\Kalle\Documents\Gravity\Gravity Simulator\Debug\Le Physics.exe
